<?xml version="1.0" encoding="UTF-8"?>
<testsuites name="Mocha Tests" time="12.656" tests="3" failures="2">
  <testsuite name="Root Suite" timestamp="2025-09-08T08:02:39" tests="0" file="cypress/e2e/login.feature" time="0.000" failures="0">
  </testsuite>
  <testsuite name="Simple test to check the login functionality of CAS" timestamp="2025-09-08T08:02:39" tests="3" time="12.651" failures="2">
    <testcase name="Simple test to check the login functionality of CAS the user successfully logs into the CES with admin credentials and CAS shows the profile page" time="0.000" classname="the user successfully logs into the CES with admin credentials and CAS shows the profile page">
      <failure message="Timed out retrying after 4000ms: Expected to find element: `h1[data-testid=login-header]`, but never found it." type="AssertionError"><![CDATA[AssertionError: Timed out retrying after 4000ms: Expected to find element: `h1[data-testid=login-header]`, but never found it.
    at Context.eval (https://192.168.56.2/__cypress/tests?p=cypress/e2e/login.feature:16662:12)
    at Registry.runStepDefininition (https://192.168.56.2/__cypress/tests?p=cypress/e2e/login.feature:8496:48)
    at Object.fn (https://192.168.56.2/__cypress/tests?p=cypress/e2e/login.feature:15695:43)
    at runStepWithLogGroup (https://192.168.56.2/__cypress/tests?p=cypress/e2e/login.feature:15168:29)
    at Context.eval (https://192.168.56.2/__cypress/tests?p=cypress/e2e/login.feature:15691:62)]]></failure>
    </testcase>
    <testcase name="Simple test to check the login functionality of CAS after a successful login, the ID from the LDAP entry is used as the user ID and not the user name entered by the user." time="0.000" classname="after a successful login, the ID from the LDAP entry is used as the user ID and not the user name entered by the user.">
      <failure message="Timed out retrying after 4000ms: Expected to find element: `h1[data-testid=login-header]`, but never found it." type="AssertionError"><![CDATA[AssertionError: Timed out retrying after 4000ms: Expected to find element: `h1[data-testid=login-header]`, but never found it.
    at Context.eval (https://192.168.56.2/__cypress/tests?p=cypress/e2e/login.feature:16662:12)
    at Registry.runStepDefininition (https://192.168.56.2/__cypress/tests?p=cypress/e2e/login.feature:8496:48)
    at Object.fn (https://192.168.56.2/__cypress/tests?p=cypress/e2e/login.feature:15695:43)
    at runStepWithLogGroup (https://192.168.56.2/__cypress/tests?p=cypress/e2e/login.feature:15168:29)
    at Context.eval (https://192.168.56.2/__cypress/tests?p=cypress/e2e/login.feature:15691:62)]]></failure>
    </testcase>
    <testcase name="Simple test to check the login functionality of CAS the user can show the password in plain text during login" time="0.624" classname="the user can show the password in plain text during login">
    </testcase>
  </testsuite>
</testsuites>